2025-11-08 07:44:05.525 [http-nio-8080-exec-10] INFO  [sessionId=5C0437DAF9E455F9627A76CE5DBD8F2D]
                [reqId=0a9eabdf] [traceId=fc95d64366ee442ab735735a8f8b0875] [spanId=f9f2eb77-c69b-4e] [parentSpan=]
                [uri=/favicon.ico] [method=GET] [status=404]
                [duration=10ms] [clientIp=0:0:0:0:0:0:0:1] [userAgent=Mozilla/5.0 (Windows NT 10.0; Win64; x64) AppleWebKit/537.36 (KHTML, like Gecko) Chrome/141.0.0.0 Safari/537.36 Edg/141.0.0.0]
                c.c.p.config.MDCInterceptor - Request completed successfully [RequestID: 0a9eabdf, Status: 404, Duration: 10ms]
2025-11-08 07:44:05.571 [http-nio-8080-exec-10] INFO  [sessionId=5C0437DAF9E455F9627A76CE5DBD8F2D]
                [reqId=2589a077] [traceId=b7fd9fe2ccec4034b97e039b3e74bbe2] [spanId=684df4ff-8b4a-4c] [parentSpan=]
                [uri=/error] [method=GET] [status=404]
                [duration=13ms] [clientIp=0:0:0:0:0:0:0:1] [userAgent=Mozilla/5.0 (Windows NT 10.0; Win64; x64) AppleWebKit/537.36 (KHTML, like Gecko) Chrome/141.0.0.0 Safari/537.36 Edg/141.0.0.0]
                c.c.p.config.MDCInterceptor - Request completed successfully [RequestID: 2589a077, Status: 404, Duration: 13ms]
2025-11-08 12:43:46.158 [main] INFO  [sessionId=NO_SESSION]
                [reqId=] [traceId=] [spanId=] [parentSpan=]
                [uri=] [method=] [status=]
                [duration=ms] [clientIp=] [userAgent=]
                c.c.petstoreapp.PetStoreApplication - Starting PetStoreApplication using Java 21.0.9 with PID 19356 (C:\mzdev\cloudx-java-azure-dev\petstore\petstoreapp\target\classes started by PrajjwalPandey in C:\mzdev\cloudx-java-azure-dev\petstore\petstoreapp)
2025-11-08 12:43:46.158 [main] INFO  [sessionId=NO_SESSION]
                [reqId=] [traceId=] [spanId=] [parentSpan=]
                [uri=] [method=] [status=]
                [duration=ms] [clientIp=] [userAgent=]
                c.c.petstoreapp.PetStoreApplication - No active profile set, falling back to 1 default profile: "default"
2025-11-08 12:43:51.509 [main] INFO  [sessionId=NO_SESSION]
                [reqId=] [traceId=] [spanId=] [parentSpan=]
                [uri=] [method=] [status=]
                [duration=ms] [clientIp=] [userAgent=]
                o.s.b.w.e.tomcat.TomcatWebServer - Tomcat initialized with port 8080 (http)
2025-11-08 12:43:51.546 [main] INFO  [sessionId=NO_SESSION]
                [reqId=] [traceId=] [spanId=] [parentSpan=]
                [uri=] [method=] [status=]
                [duration=ms] [clientIp=] [userAgent=]
                o.a.catalina.core.StandardService - Starting service [Tomcat]
2025-11-08 12:43:51.549 [main] INFO  [sessionId=NO_SESSION]
                [reqId=] [traceId=] [spanId=] [parentSpan=]
                [uri=] [method=] [status=]
                [duration=ms] [clientIp=] [userAgent=]
                o.a.catalina.core.StandardEngine - Starting Servlet engine: [Apache Tomcat/10.1.41]
2025-11-08 12:43:52.001 [main] INFO  [sessionId=NO_SESSION]
                [reqId=] [traceId=] [spanId=] [parentSpan=]
                [uri=] [method=] [status=]
                [duration=ms] [clientIp=] [userAgent=]
                o.a.c.c.C.[Tomcat].[localhost].[/] - Initializing Spring embedded WebApplicationContext
2025-11-08 12:43:52.001 [main] INFO  [sessionId=NO_SESSION]
                [reqId=] [traceId=] [spanId=] [parentSpan=]
                [uri=] [method=] [status=]
                [duration=ms] [clientIp=] [userAgent=]
                o.s.b.w.s.c.ServletWebServerApplicationContext - Root WebApplicationContext: initialization completed in 5767 ms
2025-11-08 12:43:54.480 [main] INFO  [sessionId=NO_SESSION]
                [reqId=] [traceId=] [spanId=] [parentSpan=]
                [uri=] [method=] [status=]
                [duration=ms] [clientIp=] [userAgent=]
                o.s.b.a.e.web.EndpointLinksResolver - Exposing 2 endpoints beneath base path '/actuator'
2025-11-08 12:43:54.717 [main] WARN  [sessionId=NO_SESSION]
                [reqId=] [traceId=] [spanId=] [parentSpan=]
                [uri=] [method=] [status=]
                [duration=ms] [clientIp=] [userAgent=]
                c.c.p.s.WebSecurityConfiguration - Security is DISABLED via petstore.security.enabled = false
2025-11-08 12:43:56.672 [main] INFO  [sessionId=NO_SESSION]
                [reqId=] [traceId=] [spanId=] [parentSpan=]
                [uri=] [method=] [status=]
                [duration=ms] [clientIp=] [userAgent=]
                o.s.b.w.e.tomcat.TomcatWebServer - Tomcat started on port 8080 (http) with context path '/'
2025-11-08 12:43:56.733 [main] INFO  [sessionId=NO_SESSION]
                [reqId=] [traceId=] [spanId=] [parentSpan=]
                [uri=] [method=] [status=]
                [duration=ms] [clientIp=] [userAgent=]
                c.c.petstoreapp.PetStoreApplication - Started PetStoreApplication in 11.92 seconds (process running for 13.583)
2025-11-08 12:43:56.916 [main] INFO  [sessionId=NO_SESSION]
                [reqId=] [traceId=] [spanId=] [parentSpan=]
                [uri=] [method=] [status=]
                [duration=ms] [clientIp=] [userAgent=]
                c.c.p.c.ApplicationStartupConfig - Pet Store Application started successfully!
2025-11-08 12:43:56.916 [main] INFO  [sessionId=NO_SESSION]
                [reqId=] [traceId=] [spanId=] [parentSpan=]
                [uri=] [method=] [status=]
                [duration=ms] [clientIp=] [userAgent=]
                c.c.p.c.ApplicationStartupConfig - Application is ready to accept requests
2025-11-08 12:43:56.916 [main] INFO  [sessionId=NO_SESSION]
                [reqId=] [traceId=] [spanId=] [parentSpan=]
                [uri=] [method=] [status=]
                [duration=ms] [clientIp=] [userAgent=]
                c.c.p.c.ApplicationStartupConfig - Active Profile: default
2025-11-08 12:43:56.926 [main] INFO  [sessionId=NO_SESSION]
                [reqId=] [traceId=] [spanId=] [parentSpan=]
                [uri=] [method=] [status=]
                [duration=ms] [clientIp=] [userAgent=]
                c.c.p.c.ApplicationStartupConfig - Server Port: 8080
2025-11-08 12:43:56.926 [main] INFO  [sessionId=NO_SESSION]
                [reqId=] [traceId=] [spanId=] [parentSpan=]
                [uri=] [method=] [status=]
                [duration=ms] [clientIp=] [userAgent=]
                c.c.p.c.ApplicationStartupConfig - Pet Service URL: http://localhost:8081
2025-11-08 12:43:56.926 [main] INFO  [sessionId=NO_SESSION]
                [reqId=] [traceId=] [spanId=] [parentSpan=]
                [uri=] [method=] [status=]
                [duration=ms] [clientIp=] [userAgent=]
                c.c.p.c.ApplicationStartupConfig - Product Service URL: http://localhost:8082
2025-11-08 12:43:56.926 [main] INFO  [sessionId=NO_SESSION]
                [reqId=] [traceId=] [spanId=] [parentSpan=]
                [uri=] [method=] [status=]
                [duration=ms] [clientIp=] [userAgent=]
                c.c.p.c.ApplicationStartupConfig - Order Service URL: http://localhost:8083
2025-11-08 12:43:56.928 [main] INFO  [sessionId=NO_SESSION]
                [reqId=] [traceId=] [spanId=] [parentSpan=]
                [uri=] [method=] [status=]
                [duration=ms] [clientIp=] [userAgent=]
                c.c.p.c.health.NetworkHealthCheck - External network connectivity: OK
